{
  "numTotalTestSuites": 1,
  "numPassedTestSuites": 1,
  "numFailedTestSuites": 0,
  "numPendingTestSuites": 0,
  "numTotalTests": 1,
  "numPassedTests": 1,
  "numFailedTests": 0,
  "numPendingTests": 0,
  "numTodoTests": 0,
  "snapshot": {
    "added": 0,
    "failure": false,
    "filesAdded": 0,
    "filesRemoved": 0,
    "filesRemovedList": [],
    "filesUnmatched": 0,
    "filesUpdated": 0,
    "matched": 0,
    "total": 0,
    "unchecked": 0,
    "uncheckedKeysByFile": [],
    "unmatched": 0,
    "updated": 0,
    "didUpdate": false
  },
  "startTime": 1783495821133,
  "success": true,
  "testResults": [
    {
      "assertionResults": [
        {
          "ancestorTitles": [],
          "fullName": "writes observability closeout proof for FLEETS-CLOSEOUT-006",
          "status": "passed",
          "title": "writes observability closeout proof for FLEETS-CLOSEOUT-006",
          "duration": 36.882881999999995,
          "failureMessages": [],
          "meta": {},
          "tags": []
        }
      ],
      "startTime": 1783495821363,
      "endTime": 1783495821399.8828,
      "status": "passed",
      "message": "",
      "name": "/home/edna/workspace/drts-fleet-platform/.artifacts/worktrees/auto/codex2-fleets-closeout-006/apps/api/tests/unit/map-geofence-observability-closeout-proof.test.ts"
    }
  ]
}
