{"numTotalTestSuites":2,"numPassedTestSuites":2,"numFailedTestSuites":0,"numPendingTestSuites":0,"numTotalTests":3,"numPassedTests":3,"numFailedTests":0,"numPendingTests":0,"numTodoTests":0,"snapshot":{"added":0,"failure":false,"filesAdded":0,"filesRemoved":0,"filesRemovedList":[],"filesUnmatched":0,"filesUpdated":0,"matched":0,"total":0,"unchecked":0,"uncheckedKeysByFile":[],"unmatched":0,"updated":0,"didUpdate":false},"startTime":1783493060320,"success":true,"testResults":[{"assertionResults":[{"ancestorTitles":["FLEETS-CLOSEOUT-006 map/geofence observability closeout"],"fullName":"FLEETS-CLOSEOUT-006 map/geofence observability closeout keeps outage, ambiguity, coordinate-less, override, and policy-denial signals distinguishable at runtime","status":"passed","title":"keeps outage, ambiguity, coordinate-less, override, and policy-denial signals distinguishable at runtime","duration":4.586422999999968,"failureMessages":[],"meta":{},"tags":[]},{"ancestorTitles":["FLEETS-CLOSEOUT-006 map/geofence observability closeout"],"fullName":"FLEETS-CLOSEOUT-006 map/geofence observability closeout proves every required alert uses a bounded recent window, never a lifetime counter","status":"passed","title":"proves every required alert uses a bounded recent window, never a lifetime counter","duration":3.0059289999999805,"failureMessages":[],"meta":{},"tags":[]},{"ancestorTitles":["FLEETS-CLOSEOUT-006 map/geofence observability closeout"],"fullName":"FLEETS-CLOSEOUT-006 map/geofence observability closeout confirms the final evidence carries no template placeholders and every matrix row is a PASS","status":"passed","title":"confirms the final evidence carries no template placeholders and every matrix row is a PASS","duration":1.7832579999999894,"failureMessages":[],"meta":{},"tags":[]}],"startTime":1783493060724,"endTime":1783493060733.7832,"status":"passed","message":"","name":"/home/edna/workspace/drts-fleet-platform/.artifacts/worktrees/auto/claude-fleets-closeout-006/apps/api/tests/unit/map-geofence-observability-closeout-proof.test.ts"}]}