{"numTotalTestSuites":7,"numPassedTestSuites":7,"numFailedTestSuites":0,"numPendingTestSuites":0,"numTotalTests":39,"numPassedTests":39,"numFailedTests":0,"numPendingTests":0,"numTodoTests":0,"snapshot":{"added":0,"failure":false,"filesAdded":0,"filesRemoved":0,"filesRemovedList":[],"filesUnmatched":0,"filesUpdated":0,"matched":0,"total":0,"unchecked":0,"uncheckedKeysByFile":[],"unmatched":0,"updated":0,"didUpdate":false},"startTime":1783483664930,"success":true,"testResults":[{"assertionResults":[{"ancestorTitles":["GeoService"],"fullName":"GeoService reports mock provider health for local and CI runtime","status":"passed","title":"reports mock provider health for local and CI runtime","duration":4.207851000000005,"failureMessages":[],"meta":{},"tags":[]},{"ancestorTitles":["GeoService"],"fullName":"GeoService surfaces configured provider quota usage for observability consumers","status":"passed","title":"surfaces configured provider quota usage for observability consumers","duration":1.4470910000000003,"failureMessages":[],"meta":{},"tags":[]},{"ancestorTitles":["GeoService"],"fullName":"GeoService searches deterministic mock candidates for CI and E2E","status":"passed","title":"searches deterministic mock candidates for CI and E2E","duration":2.241053000000079,"failureMessages":[],"meta":{},"tags":[]},{"ancestorTitles":["GeoService"],"fullName":"GeoService includes a Taipei core serviceable fixture for production E2E success paths","status":"passed","title":"includes a Taipei core serviceable fixture for production E2E success paths","duration":0.6566930000000184,"failureMessages":[],"meta":{},"tags":[]},{"ancestorTitles":["GeoService"],"fullName":"GeoService resolves provider candidates into auditable address payloads","status":"passed","title":"resolves provider candidates into auditable address payloads","duration":1.158089999999902,"failureMessages":[],"meta":{},"tags":[]},{"ancestorTitles":["GeoService"],"fullName":"GeoService supports explicit manual pin fallback with override reason","status":"passed","title":"supports explicit manual pin fallback with override reason","duration":0.5407389999999168,"failureMessages":[],"meta":{},"tags":[]},{"ancestorTitles":["GeoService"],"fullName":"GeoService normalizes candidate miss into a stable not-found domain error","status":"passed","title":"normalizes candidate miss into a stable not-found domain error","duration":1.3362280000000055,"failureMessages":[],"meta":{},"tags":[]},{"ancestorTitles":["GeoService"],"fullName":"GeoService audits resolved addresses and manual pin overrides with separate counters","status":"passed","title":"audits resolved addresses and manual pin overrides with separate counters","duration":4.437540000000013,"failureMessages":[],"meta":{},"tags":[]},{"ancestorTitles":["GeoService"],"fullName":"GeoService reverse geocodes coordinates to nearest deterministic fixture","status":"passed","title":"reverse geocodes coordinates to nearest deterministic fixture","duration":1.2626380000000381,"failureMessages":[],"meta":{},"tags":[]},{"ancestorTitles":["GeoService"],"fullName":"GeoService normalizes provider outage into retryable API errors","status":"passed","title":"normalizes provider outage into retryable API errors","duration":1.9942569999999478,"failureMessages":[],"meta":{},"tags":[]},{"ancestorTitles":["GeoService"],"fullName":"GeoService separates provider outage, ambiguity, and coordinate-less attempts","status":"passed","title":"separates provider outage, ambiguity, and coordinate-less attempts","duration":1.2144029999999475,"failureMessages":[],"meta":{},"tags":[]},{"ancestorTitles":["GeoService"],"fullName":"GeoService tracks geocode success rate and latency samples in map geofence observability","status":"passed","title":"tracks geocode success rate and latency samples in map geofence observability","duration":1.1540540000000874,"failureMessages":[],"meta":{},"tags":[]},{"ancestorTitles":["GeoService"],"fullName":"GeoService fails closed when production-like runtime tries to use mock provider","status":"passed","title":"fails closed when production-like runtime tries to use mock provider","duration":0.46593399999994745,"failureMessages":[],"meta":{},"tags":[]},{"ancestorTitles":["GeoService"],"fullName":"GeoService fails closed with an explicit check when provider mode is invalid","status":"passed","title":"fails closed with an explicit check when provider mode is invalid","duration":0.5160639999999148,"failureMessages":[],"meta":{},"tags":[]},{"ancestorTitles":["GeoService"],"fullName":"GeoService fails closed when external provider mode is missing required secrets","status":"passed","title":"fails closed when external provider mode is missing required secrets","duration":0.7199119999999084,"failureMessages":[],"meta":{},"tags":[]},{"ancestorTitles":["GeoService"],"fullName":"GeoService rejects invalid search and coordinate input before hitting provider","status":"passed","title":"rejects invalid search and coordinate input before hitting provider","duration":0.5622109999999338,"failureMessages":[],"meta":{},"tags":[]},{"ancestorTitles":["GeoController"],"fullName":"GeoController wraps provider health in the platform API envelope","status":"passed","title":"wraps provider health in the platform API envelope","duration":0.3559020000000146,"failureMessages":[],"meta":{},"tags":[]},{"ancestorTitles":["GeoController"],"fullName":"GeoController wraps geo responses in the platform API envelope","status":"passed","title":"wraps geo responses in the platform API envelope","duration":1.5409849999999778,"failureMessages":[],"meta":{},"tags":[]},{"ancestorTitles":["GeoController"],"fullName":"GeoController wraps resolve responses in the platform API envelope","status":"passed","title":"wraps resolve responses in the platform API envelope","duration":0.3809230000000525,"failureMessages":[],"meta":{},"tags":[]},{"ancestorTitles":["GeoController"],"fullName":"GeoController wraps reverse responses in the platform API envelope","status":"passed","title":"wraps reverse responses in the platform API envelope","duration":0.4526019999999562,"failureMessages":[],"meta":{},"tags":[]}],"startTime":1783483665947,"endTime":1783483665974.4526,"status":"passed","message":"","name":"/home/edna/workspace/drts-fleet-platform/.artifacts/worktrees/auto/claude-fleets-closeout-002/apps/api/tests/unit/geo.service.test.ts"},{"assertionResults":[{"ancestorTitles":["OperationalObservabilityService"],"fullName":"OperationalObservabilityService aggregates workflow metrics and raises role-routed alerts","status":"passed","title":"aggregates workflow metrics and raises role-routed alerts","duration":13.336960999999974,"failureMessages":[],"meta":{},"tags":[]}],"startTime":1783483667510,"endTime":1783483667523.337,"status":"passed","message":"","name":"/home/edna/workspace/drts-fleet-platform/.artifacts/worktrees/auto/claude-fleets-closeout-002/apps/api/tests/unit/operational-observability.service.test.ts"},{"assertionResults":[{"ancestorTitles":["ServiceAreaService"],"fullName":"ServiceAreaService returns serviceable when pickup and dropoff are inside an active area","status":"passed","title":"returns serviceable when pickup and dropoff are inside an active area","duration":5.4484030000000985,"failureMessages":[],"meta":{},"tags":[]},{"ancestorTitles":["ServiceAreaService"],"fullName":"ServiceAreaService rejects pickup points outside the service area","status":"passed","title":"rejects pickup points outside the service area","duration":2.006881999999905,"failureMessages":[],"meta":{},"tags":[]},{"ancestorTitles":["ServiceAreaService"],"fullName":"ServiceAreaService hard-blocks a pickup point inside a deny stop policy","status":"passed","title":"hard-blocks a pickup point inside a deny stop policy","duration":1.1865060000000085,"failureMessages":[],"meta":{},"tags":[]},{"ancestorTitles":["ServiceAreaService"],"fullName":"ServiceAreaService audits evaluations and separates policy denial from coordinate-less attempts","status":"passed","title":"audits evaluations and separates policy denial from coordinate-less attempts","duration":6.032367000000022,"failureMessages":[],"meta":{},"tags":[]},{"ancestorTitles":["ServiceAreaService"],"fullName":"ServiceAreaService returns manual review when a stop hits a review-only policy","status":"passed","title":"returns manual review when a stop hits a review-only policy","duration":1.2618549999999686,"failureMessages":[],"meta":{},"tags":[]},{"ancestorTitles":["ServiceAreaService"],"fullName":"ServiceAreaService uses service product scoping when matching areas","status":"passed","title":"uses service product scoping when matching areas","duration":0.6119549999998526,"failureMessages":[],"meta":{},"tags":[]},{"ancestorTitles":["ServiceAreaService"],"fullName":"ServiceAreaService rejects invalid coordinates with a 400 contract error","status":"passed","title":"rejects invalid coordinates with a 400 contract error","duration":1.1163520000000062,"failureMessages":[],"meta":{},"tags":[]},{"ancestorTitles":["ServiceAreaService"],"fullName":"ServiceAreaService returns definitions with generated freshness metadata","status":"passed","title":"returns definitions with generated freshness metadata","duration":1.2884279999998398,"failureMessages":[],"meta":{},"tags":[]},{"ancestorTitles":["ServiceAreaService"],"fullName":"ServiceAreaService exports governed admin GeoJSON layers with lifecycle metadata","status":"passed","title":"exports governed admin GeoJSON layers with lifecycle metadata","duration":2.2204059999999117,"failureMessages":[],"meta":{},"tags":[]},{"ancestorTitles":["ServiceAreaService"],"fullName":"ServiceAreaService merges persisted governance state with baseline service-area seeds on startup","status":"passed","title":"merges persisted governance state with baseline service-area seeds on startup","duration":1.3773720000001504,"failureMessages":[],"meta":{},"tags":[]},{"ancestorTitles":["ServiceAreaService"],"fullName":"ServiceAreaService rejects service-area creates when persistence fails without mutating memory or audit","status":"passed","title":"rejects service-area creates when persistence fails without mutating memory or audit","duration":2.5700950000000375,"failureMessages":[],"meta":{},"tags":[]},{"ancestorTitles":["ServiceAreaService"],"fullName":"ServiceAreaService rolls back service-area updates when persistence fails","status":"passed","title":"rolls back service-area updates when persistence fails","duration":1.9794660000000022,"failureMessages":[],"meta":{},"tags":[]},{"ancestorTitles":["ServiceAreaService"],"fullName":"ServiceAreaService publishes service-area drafts and feeds the evaluator immediately","status":"passed","title":"publishes service-area drafts and feeds the evaluator immediately","duration":2.4194139999999607,"failureMessages":[],"meta":{},"tags":[]},{"ancestorTitles":["ServiceAreaService"],"fullName":"ServiceAreaService keeps future-effective published service areas out of evaluator until active","status":"passed","title":"keeps future-effective published service areas out of evaluator until active","duration":0.8021159999998417,"failureMessages":[],"meta":{},"tags":[]},{"ancestorTitles":["ServiceAreaService"],"fullName":"ServiceAreaService rejects overlapping active versions for the same service-area code","status":"passed","title":"rejects overlapping active versions for the same service-area code","duration":0.9547440000001188,"failureMessages":[],"meta":{},"tags":[]},{"ancestorTitles":["ServiceAreaService"],"fullName":"ServiceAreaService publishes and retires stop policies without losing service-area coverage","status":"passed","title":"publishes and retires stop policies without losing service-area coverage","duration":3.06044699999984,"failureMessages":[],"meta":{},"tags":[]},{"ancestorTitles":["ServiceAreaService"],"fullName":"ServiceAreaService rejects self-intersecting service-area geometry before persistence","status":"passed","title":"rejects self-intersecting service-area geometry before persistence","duration":0.7367339999998421,"failureMessages":[],"meta":{},"tags":[]},{"ancestorTitles":["ServiceAreaService"],"fullName":"ServiceAreaService exposes admin mutation envelopes through the controller","status":"passed","title":"exposes admin mutation envelopes through the controller","duration":1.1980360000000019,"failureMessages":[],"meta":{},"tags":[]}],"startTime":1783483666494,"endTime":1783483666531.198,"status":"passed","message":"","name":"/home/edna/workspace/drts-fleet-platform/.artifacts/worktrees/auto/claude-fleets-closeout-002/apps/api/tests/unit/service-area.service.test.ts"}]}