{"numTotalTestSuites":5,"numPassedTestSuites":5,"numFailedTestSuites":0,"numPendingTestSuites":0,"numTotalTests":71,"numPassedTests":71,"numFailedTests":0,"numPendingTests":0,"numTodoTests":0,"snapshot":{"added":0,"failure":false,"filesAdded":0,"filesRemoved":0,"filesRemovedList":[],"filesUnmatched":0,"filesUpdated":0,"matched":0,"total":0,"unchecked":0,"uncheckedKeysByFile":[],"unmatched":0,"updated":0,"didUpdate":false},"startTime":1783483620131,"success":true,"testResults":[{"assertionResults":[{"ancestorTitles":["OwnedMobilityService queue and reservation orchestration"],"fullName":"OwnedMobilityService queue and reservation orchestration hard-blocks coordinate-bearing phone orders in no-pickup service-area policies","status":"passed","title":"hard-blocks coordinate-bearing phone orders in no-pickup service-area policies","duration":9.614039999999932,"failureMessages":[],"meta":{},"tags":[]},{"ancestorTitles":["OwnedMobilityService queue and reservation orchestration"],"fullName":"OwnedMobilityService queue and reservation orchestration routes manual-review service-area stops away from normal dispatch","status":"passed","title":"routes manual-review service-area stops away from normal dispatch","duration":9.32621700000027,"failureMessages":[],"meta":{},"tags":[]},{"ancestorTitles":["OwnedMobilityService queue and reservation orchestration"],"fullName":"OwnedMobilityService queue and reservation orchestration keeps provider-outage call-center capture in manual review instead of normal ready","status":"passed","title":"keeps provider-outage call-center capture in manual review instead of normal ready","duration":3.205409000000145,"failureMessages":[],"meta":{},"tags":[]},{"ancestorTitles":["OwnedMobilityService queue and reservation orchestration"],"fullName":"OwnedMobilityService queue and reservation orchestration persists service-area snapshots and emits spatial audit events for coordinate-bearing phone orders","status":"passed","title":"persists service-area snapshots and emits spatial audit events for coordinate-bearing phone orders","duration":5.270932999999786,"failureMessages":[],"meta":{},"tags":[]},{"ancestorTitles":["OwnedMobilityService queue and reservation orchestration"],"fullName":"OwnedMobilityService queue and reservation orchestration keeps text-only legacy orders in explicit service-area manual review","status":"passed","title":"keeps text-only legacy orders in explicit service-area manual review","duration":3.7681320000001506,"failureMessages":[],"meta":{},"tags":[]},{"ancestorTitles":["OwnedMobilityService queue and reservation orchestration"],"fullName":"OwnedMobilityService queue and reservation orchestration uses immutable spatial snapshots instead of re-evaluating created orders","status":"passed","title":"uses immutable spatial snapshots instead of re-evaluating created orders","duration":2.2913690000000315,"failureMessages":[],"meta":{},"tags":[]},{"ancestorTitles":["OwnedMobilityService queue and reservation orchestration"],"fullName":"OwnedMobilityService queue and reservation orchestration enforces queue check-in eligibility and keeps stable queue positions","status":"passed","title":"enforces queue check-in eligibility and keeps stable queue positions","duration":1.28909399999975,"failureMessages":[],"meta":{},"tags":[]},{"ancestorTitles":["OwnedMobilityService queue and reservation orchestration"],"fullName":"OwnedMobilityService queue and reservation orchestration rejects queue check-in when the vehicle is not dispatchable","status":"passed","title":"rejects queue check-in when the vehicle is not dispatchable","duration":1.2797080000000278,"failureMessages":[],"meta":{},"tags":[]},{"ancestorTitles":["OwnedMobilityService queue and reservation orchestration"],"fullName":"OwnedMobilityService queue and reservation orchestration returns ELIGIBILITY_CHANGED_BEFORE_ASSIGNMENT when assignment recheck fails","status":"passed","title":"returns ELIGIBILITY_CHANGED_BEFORE_ASSIGNMENT when assignment recheck fails","duration":9.907987999999932,"failureMessages":[],"meta":{},"tags":[]},{"ancestorTitles":["OwnedMobilityService queue and reservation orchestration"],"fullName":"OwnedMobilityService queue and reservation orchestration resolves sandbox fallback billing treatment from partner and tenant policy","status":"passed","title":"resolves sandbox fallback billing treatment from partner and tenant policy","duration":2.201846999999816,"failureMessages":[],"meta":{},"tags":[]},{"ancestorTitles":["OwnedMobilityService queue and reservation orchestration"],"fullName":"OwnedMobilityService queue and reservation orchestration persists exact service product on the driver task created by assignment","status":"passed","title":"persists exact service product on the driver task created by assignment","duration":3.623880999999983,"failureMessages":[],"meta":{},"tags":[]},{"ancestorTitles":["OwnedMobilityService queue and reservation orchestration"],"fullName":"OwnedMobilityService queue and reservation orchestration stamps serviceProductCode at booking intake and carries it through assignment + task","status":"passed","title":"stamps serviceProductCode at booking intake and carries it through assignment + task","duration":2.5187230000001364,"failureMessages":[],"meta":{},"tags":[]},{"ancestorTitles":["OwnedMobilityService queue and reservation orchestration"],"fullName":"OwnedMobilityService queue and reservation orchestration uses repository transactions for assignment-time recheck when persistence is enabled","status":"passed","title":"uses repository transactions for assignment-time recheck when persistence is enabled","duration":3.3281150000002526,"failureMessages":[],"meta":{},"tags":[]},{"ancestorTitles":["OwnedMobilityService queue and reservation orchestration"],"fullName":"OwnedMobilityService queue and reservation orchestration keeps owned-mobility dispatch candidates order-specific when vehicle eligibility is enabled","status":"passed","title":"keeps owned-mobility dispatch candidates order-specific when vehicle eligibility is enabled","duration":2.0861680000002707,"failureMessages":[],"meta":{},"tags":[]},{"ancestorTitles":["OwnedMobilityService queue and reservation orchestration"],"fullName":"OwnedMobilityService queue and reservation orchestration decorates candidate decisions and hides ineligible rows by default","status":"passed","title":"decorates candidate decisions and hides ineligible rows by default","duration":2.6449909999996635,"failureMessages":[],"meta":{},"tags":[]},{"ancestorTitles":["OwnedMobilityService queue and reservation orchestration"],"fullName":"OwnedMobilityService queue and reservation orchestration falls back to decorated ineligible rows instead of returning a bare empty list","status":"passed","title":"falls back to decorated ineligible rows instead of returning a bare empty list","duration":2.729515999999876,"failureMessages":[],"meta":{},"tags":[]},{"ancestorTitles":["OwnedMobilityService queue and reservation orchestration"],"fullName":"OwnedMobilityService queue and reservation orchestration never offers an airport-permit-failing vehicle even under scarcity","status":"passed","title":"never offers an airport-permit-failing vehicle even under scarcity","duration":1.4025440000000344,"failureMessages":[],"meta":{},"tags":[]},{"ancestorTitles":["OwnedMobilityService queue and reservation orchestration"],"fullName":"OwnedMobilityService queue and reservation orchestration resolves tenant booking passenger and addresses from governed master data","status":"passed","title":"resolves tenant booking passenger and addresses from governed master data","duration":14.779050999999981,"failureMessages":[],"meta":{},"tags":[]},{"ancestorTitles":["OwnedMobilityService queue and reservation orchestration"],"fullName":"OwnedMobilityService queue and reservation orchestration validates costCenter against the tenant cost-center directory on create and update","status":"passed","title":"validates costCenter against the tenant cost-center directory on create and update","duration":5.589706999999635,"failureMessages":[],"meta":{},"tags":[]},{"ancestorTitles":["OwnedMobilityService queue and reservation orchestration"],"fullName":"OwnedMobilityService queue and reservation orchestration creates and resolves any_of approval requests on the first approval","status":"passed","title":"creates and resolves any_of approval requests on the first approval","duration":7.352719999999863,"failureMessages":[],"meta":{},"tags":[]},{"ancestorTitles":["OwnedMobilityService queue and reservation orchestration"],"fullName":"OwnedMobilityService queue and reservation orchestration enforces approver authorization and all_of_parallel rejection semantics","status":"passed","title":"enforces approver authorization and all_of_parallel rejection semantics","duration":4.454983000000084,"failureMessages":[],"meta":{},"tags":[]},{"ancestorTitles":["OwnedMobilityService queue and reservation orchestration"],"fullName":"OwnedMobilityService queue and reservation orchestration falls back from cost-center owner to tenant_admin and audits the fallback","status":"passed","title":"falls back from cost-center owner to tenant_admin and audits the fallback","duration":2.604440000000068,"failureMessages":[],"meta":{},"tags":[]},{"ancestorTitles":["OwnedMobilityService queue and reservation orchestration"],"fullName":"OwnedMobilityService queue and reservation orchestration cancels pending approvals on re-evaluation, but ignores note-only updates","status":"passed","title":"cancels pending approvals on re-evaluation, but ignores note-only updates","duration":5.223078999999871,"failureMessages":[],"meta":{},"tags":[]},{"ancestorTitles":["OwnedMobilityService queue and reservation orchestration"],"fullName":"OwnedMobilityService queue and reservation orchestration supports manual escalate and fails closed when no approvers are resolvable","status":"passed","title":"supports manual escalate and fails closed when no approvers are resolvable","duration":4.9238759999998365,"failureMessages":[],"meta":{},"tags":[]},{"ancestorTitles":["OwnedMobilityService queue and reservation orchestration"],"fullName":"OwnedMobilityService queue and reservation orchestration rejects tenant attempts to set quoted fare through booking channels","status":"passed","title":"rejects tenant attempts to set quoted fare through booking channels","duration":0.7274309999997968,"failureMessages":[],"meta":{},"tags":[]},{"ancestorTitles":["OwnedMobilityService queue and reservation orchestration"],"fullName":"OwnedMobilityService queue and reservation orchestration requires actor, reason, and trace for manual fare override and writes trace evidence","status":"passed","title":"requires actor, reason, and trace for manual fare override and writes trace evidence","duration":1.9059369999999944,"failureMessages":[],"meta":{},"tags":[]},{"ancestorTitles":["OwnedMobilityService queue and reservation orchestration"],"fullName":"OwnedMobilityService queue and reservation orchestration rejects manual fare override after a fixed-price order is completed","status":"passed","title":"rejects manual fare override after a fixed-price order is completed","duration":4.095075000000179,"failureMessages":[],"meta":{},"tags":[]},{"ancestorTitles":["OwnedMobilityService queue and reservation orchestration"],"fullName":"OwnedMobilityService queue and reservation orchestration keeps reservation orders in redispatch queue before the confirmation window","status":"passed","title":"keeps reservation orders in redispatch queue before the confirmation window","duration":1.4814180000003034,"failureMessages":[],"meta":{},"tags":[]},{"ancestorTitles":["OwnedMobilityService queue and reservation orchestration"],"fullName":"OwnedMobilityService queue and reservation orchestration escalates reservation orders to exception hold inside the confirmation window","status":"passed","title":"escalates reservation orders to exception hold inside the confirmation window","duration":1.423113000000285,"failureMessages":[],"meta":{},"tags":[]},{"ancestorTitles":["OwnedMobilityService queue and reservation orchestration"],"fullName":"OwnedMobilityService queue and reservation orchestration escalates redispatch queue with confirmation_window_expired once the window opens","status":"passed","title":"escalates redispatch queue with confirmation_window_expired once the window opens","duration":1.433169999999791,"failureMessages":[],"meta":{},"tags":[]},{"ancestorTitles":["OwnedMobilityService queue and reservation orchestration"],"fullName":"OwnedMobilityService queue and reservation orchestration resolves exception hold by releasing order to dispatch","status":"passed","title":"resolves exception hold by releasing order to dispatch","duration":2.4519640000003164,"failureMessages":[],"meta":{},"tags":[]},{"ancestorTitles":["OwnedMobilityService queue and reservation orchestration"],"fullName":"OwnedMobilityService queue and reservation orchestration re-enters requested hold before redispatch after exception hold release","status":"passed","title":"re-enters requested hold before redispatch after exception hold release","duration":1.9457760000000235,"failureMessages":[],"meta":{},"tags":[]},{"ancestorTitles":["OwnedMobilityService queue and reservation orchestration"],"fullName":"OwnedMobilityService queue and reservation orchestration creates an auditable pending exception override request","status":"passed","title":"creates an auditable pending exception override request","duration":2.9958919999999125,"failureMessages":[],"meta":{},"tags":[]},{"ancestorTitles":["OwnedMobilityService queue and reservation orchestration"],"fullName":"OwnedMobilityService queue and reservation orchestration approves exception override with a second actor and resolves the hold","status":"passed","title":"approves exception override with a second actor and resolves the hold","duration":4.631677999999738,"failureMessages":[],"meta":{},"tags":[]},{"ancestorTitles":["OwnedMobilityService queue and reservation orchestration"],"fullName":"OwnedMobilityService queue and reservation orchestration rejects exception override while preserving the hold and audit trail","status":"passed","title":"rejects exception override while preserving the hold and audit trail","duration":3.884780999999748,"failureMessages":[],"meta":{},"tags":[]},{"ancestorTitles":["OwnedMobilityService queue and reservation orchestration"],"fullName":"OwnedMobilityService queue and reservation orchestration expires pending exception overrides explicitly before approval","status":"passed","title":"expires pending exception overrides explicitly before approval","duration":3.2373569999999745,"failureMessages":[],"meta":{},"tags":[]},{"ancestorTitles":["OwnedMobilityService queue and reservation orchestration"],"fullName":"OwnedMobilityService queue and reservation orchestration forbids self-approval on exception override requests","status":"passed","title":"forbids self-approval on exception override requests","duration":2.545908999999938,"failureMessages":[],"meta":{},"tags":[]},{"ancestorTitles":["OwnedMobilityService queue and reservation orchestration"],"fullName":"OwnedMobilityService queue and reservation orchestration allows dispatch assignment after release_to_dispatch without invalid hold transitions","status":"passed","title":"allows dispatch assignment after release_to_dispatch without invalid hold transitions","duration":3.1475279999999657,"failureMessages":[],"meta":{},"tags":[]},{"ancestorTitles":["OwnedMobilityService queue and reservation orchestration"],"fullName":"OwnedMobilityService queue and reservation orchestration resolves exception hold by cancelling the order","status":"passed","title":"resolves exception hold by cancelling the order","duration":2.3439069999999447,"failureMessages":[],"meta":{},"tags":[]},{"ancestorTitles":["OwnedMobilityService queue and reservation orchestration"],"fullName":"OwnedMobilityService queue and reservation orchestration surfaces queue family and entry reason for realtime, recording, redispatch, and manual-review queues","status":"passed","title":"surfaces queue family and entry reason for realtime, recording, redispatch, and manual-review queues","duration":3.5588479999996707,"failureMessages":[],"meta":{},"tags":[]},{"ancestorTitles":["OwnedMobilityService queue and reservation orchestration"],"fullName":"OwnedMobilityService queue and reservation orchestration rejects resolveExceptionHold on orders not in exception hold","status":"passed","title":"rejects resolveExceptionHold on orders not in exception hold","duration":1.410157000000254,"failureMessages":[],"meta":{},"tags":[]},{"ancestorTitles":["OwnedMobilityService queue and reservation orchestration"],"fullName":"OwnedMobilityService queue and reservation orchestration rejects resolveExceptionHold without authenticated identity even when operatorId is provided","status":"passed","title":"rejects resolveExceptionHold without authenticated identity even when operatorId is provided","duration":2.088956000000053,"failureMessages":[],"meta":{},"tags":[]},{"ancestorTitles":["OwnedMobilityService queue and reservation orchestration"],"fullName":"OwnedMobilityService queue and reservation orchestration releases reservation hold on assignment and traces it","status":"passed","title":"releases reservation hold on assignment and traces it","duration":2.386877000000368,"failureMessages":[],"meta":{},"tags":[]},{"ancestorTitles":["OwnedMobilityService queue and reservation orchestration"],"fullName":"OwnedMobilityService queue and reservation orchestration allows reservation reassignment after the assignment release already finalized the hold","status":"passed","title":"allows reservation reassignment after the assignment release already finalized the hold","duration":4.600411999999778,"failureMessages":[],"meta":{},"tags":[]},{"ancestorTitles":["OwnedMobilityService queue and reservation orchestration"],"fullName":"OwnedMobilityService queue and reservation orchestration keeps reassign distinct from redispatch by rotating assignment inside the same dispatch job","status":"passed","title":"keeps reassign distinct from redispatch by rotating assignment inside the same dispatch job","duration":3.3065190000002076,"failureMessages":[],"meta":{},"tags":[]},{"ancestorTitles":["OwnedMobilityService queue and reservation orchestration"],"fullName":"OwnedMobilityService queue and reservation orchestration restores the active assignment when reassign eligibility changes before reassignment completes","status":"passed","title":"restores the active assignment when reassign eligibility changes before reassignment completes","duration":3.805855000000065,"failureMessages":[],"meta":{},"tags":[]},{"ancestorTitles":["OwnedMobilityService queue and reservation orchestration"],"fullName":"OwnedMobilityService queue and reservation orchestration keeps redispatch distinct from reassign by opening a new dispatch job","status":"passed","title":"keeps redispatch distinct from reassign by opening a new dispatch job","duration":2.824974999999995,"failureMessages":[],"meta":{},"tags":[]},{"ancestorTitles":["OwnedMobilityService queue and reservation orchestration"],"fullName":"OwnedMobilityService queue and reservation orchestration releases reservation hold when cancelling from redispatch queue","status":"passed","title":"releases reservation hold when cancelling from redispatch queue","duration":3.866473000000042,"failureMessages":[],"meta":{},"tags":[]},{"ancestorTitles":["OwnedMobilityService queue and reservation orchestration"],"fullName":"OwnedMobilityService queue and reservation orchestration moves trips into proof_pending when signoff is missing","status":"passed","title":"moves trips into proof_pending when signoff is missing","duration":5.909488000000238,"failureMessages":[],"meta":{},"tags":[]},{"ancestorTitles":["OwnedMobilityService queue and reservation orchestration"],"fullName":"OwnedMobilityService queue and reservation orchestration returns EXPENSE_PROOF_REQUIRED and preserves partial proof evidence","status":"passed","title":"returns EXPENSE_PROOF_REQUIRED and preserves partial proof evidence","duration":2.959683000000041,"failureMessages":[],"meta":{},"tags":[]},{"ancestorTitles":["OwnedMobilityService queue and reservation orchestration"],"fullName":"OwnedMobilityService queue and reservation orchestration replays duplicate completion requests idempotently when the request id matches","status":"passed","title":"replays duplicate completion requests idempotently when the request id matches","duration":5.311413999999786,"failureMessages":[],"meta":{},"tags":[]},{"ancestorTitles":["OwnedMobilityService queue and reservation orchestration"],"fullName":"OwnedMobilityService queue and reservation orchestration rejects duplicate completion requests after the trip is already completed","status":"passed","title":"rejects duplicate completion requests after the trip is already completed","duration":2.8689580000000205,"failureMessages":[],"meta":{},"tags":[]},{"ancestorTitles":["OwnedMobilityService queue and reservation orchestration"],"fullName":"OwnedMobilityService queue and reservation orchestration replays proof-pending completion requests idempotently when the request id matches","status":"passed","title":"replays proof-pending completion requests idempotently when the request id matches","duration":4.798123999999916,"failureMessages":[],"meta":{},"tags":[]},{"ancestorTitles":["OwnedMobilityService queue and reservation orchestration"],"fullName":"OwnedMobilityService queue and reservation orchestration rejects tenant bookings for inactive service products from the registry","status":"passed","title":"rejects tenant bookings for inactive service products from the registry","duration":2.618019000000004,"failureMessages":[],"meta":{},"tags":[]},{"ancestorTitles":["Queue-entry policy and dispatch semantics contracts"],"fullName":"Queue-entry policy and dispatch semantics contracts maps all owned order sources to a dispatch semantics","status":"passed","title":"maps all owned order sources to a dispatch semantics","duration":0.4605380000002697,"failureMessages":[],"meta":{},"tags":[]},{"ancestorTitles":["Queue-entry policy and dispatch semantics contracts"],"fullName":"Queue-entry policy and dispatch semantics contracts defines queue-entry policy for every dispatch semantics","status":"passed","title":"defines queue-entry policy for every dispatch semantics","duration":0.517598999999791,"failureMessages":[],"meta":{},"tags":[]},{"ancestorTitles":["Queue-entry policy and dispatch semantics contracts"],"fullName":"Queue-entry policy and dispatch semantics contracts does not allow queue entry for reservation or forwarder_broadcast semantics","status":"passed","title":"does not allow queue entry for reservation or forwarder_broadcast semantics","duration":0.15605700000014622,"failureMessages":[],"meta":{},"tags":[]},{"ancestorTitles":["Queue-entry policy and dispatch semantics contracts"],"fullName":"Queue-entry policy and dispatch semantics contracts allows queue entry for realtime and queue semantics","status":"passed","title":"allows queue entry for realtime and queue semantics","duration":0.13278600000012375,"failureMessages":[],"meta":{},"tags":[]},{"ancestorTitles":["Queue-entry policy and dispatch semantics contracts"],"fullName":"Queue-entry policy and dispatch semantics contracts defines valid reservation hold transitions for all states","status":"passed","title":"defines valid reservation hold transitions for all states","duration":0.3849319999999352,"failureMessages":[],"meta":{},"tags":[]},{"ancestorTitles":["Queue-entry policy and dispatch semantics contracts"],"fullName":"Queue-entry policy and dispatch semantics contracts prevents transitions from terminal states","status":"passed","title":"prevents transitions from terminal states","duration":0.23128099999985352,"failureMessages":[],"meta":{},"tags":[]},{"ancestorTitles":["Queue-entry policy and dispatch semantics contracts"],"fullName":"Queue-entry policy and dispatch semantics contracts defines all exception hold reason codes","status":"passed","title":"defines all exception hold reason codes","duration":0.32916000000022905,"failureMessages":[],"meta":{},"tags":[]},{"ancestorTitles":["ORX-DP-002: reassign / redispatch / timeout / no-supply workflow"],"fullName":"ORX-DP-002: reassign / redispatch / timeout / no-supply workflow moves realtime order to delayed_queue on first no-supply dispatch failure","status":"passed","title":"moves realtime order to delayed_queue on first no-supply dispatch failure","duration":1.2714670000000297,"failureMessages":[],"meta":{},"tags":[]},{"ancestorTitles":["ORX-DP-002: reassign / redispatch / timeout / no-supply workflow"],"fullName":"ORX-DP-002: reassign / redispatch / timeout / no-supply workflow escalates to ops on second no-supply dispatch failure","status":"passed","title":"escalates to ops on second no-supply dispatch failure","duration":1.292801000000054,"failureMessages":[],"meta":{},"tags":[]},{"ancestorTitles":["ORX-DP-002: reassign / redispatch / timeout / no-supply workflow"],"fullName":"ORX-DP-002: reassign / redispatch / timeout / no-supply workflow resolves no-supply order by cancelling with notification","status":"passed","title":"resolves no-supply order by cancelling with notification","duration":0.8564280000000508,"failureMessages":[],"meta":{},"tags":[]},{"ancestorTitles":["ORX-DP-002: reassign / redispatch / timeout / no-supply workflow"],"fullName":"ORX-DP-002: reassign / redispatch / timeout / no-supply workflow handles dispatch timeout and places order in redispatch priority queue","status":"passed","title":"handles dispatch timeout and places order in redispatch priority queue","duration":1.234299999999621,"failureMessages":[],"meta":{},"tags":[]},{"ancestorTitles":["ORX-DP-002: reassign / redispatch / timeout / no-supply workflow"],"fullName":"ORX-DP-002: reassign / redispatch / timeout / no-supply workflow preserves reason code and note through redispatch with operator context","status":"passed","title":"preserves reason code and note through redispatch with operator context","duration":1.128599000000122,"failureMessages":[],"meta":{},"tags":[]},{"ancestorTitles":["ORX-DP-002: reassign / redispatch / timeout / no-supply workflow"],"fullName":"ORX-DP-002: reassign / redispatch / timeout / no-supply workflow rejects redispatch while an order remains in exception hold","status":"passed","title":"rejects redispatch while an order remains in exception hold","duration":1.4066819999998188,"failureMessages":[],"meta":{},"tags":[]},{"ancestorTitles":["ORX-DP-002: reassign / redispatch / timeout / no-supply workflow"],"fullName":"ORX-DP-002: reassign / redispatch / timeout / no-supply workflow rejects resolveNoSupplyOrder when order is not in no_supply or delayed_queue state","status":"passed","title":"rejects resolveNoSupplyOrder when order is not in no_supply or delayed_queue state","duration":0.9742539999997462,"failureMessages":[],"meta":{},"tags":[]},{"ancestorTitles":["ORX-DP-002: reassign / redispatch / timeout / no-supply workflow"],"fullName":"ORX-DP-002: reassign / redispatch / timeout / no-supply workflow tracks dispatch attempt count through multiple reject-redispatch cycles","status":"passed","title":"tracks dispatch attempt count through multiple reject-redispatch cycles","duration":4.626712000000225,"failureMessages":[],"meta":{},"tags":[]},{"ancestorTitles":["OwnedMobilityService referral attribution (CRC-BE-003)"],"fullName":"OwnedMobilityService referral attribution (CRC-BE-003) stamps partnerEntrySlug from the handoff session identity onto the order","status":"passed","title":"stamps partnerEntrySlug from the handoff session identity onto the order","duration":0.6249760000000606,"failureMessages":[],"meta":{},"tags":[]},{"ancestorTitles":["OwnedMobilityService referral attribution (CRC-BE-003)"],"fullName":"OwnedMobilityService referral attribution (CRC-BE-003) leaves partnerEntrySlug null for non-referral passenger rides","status":"passed","title":"leaves partnerEntrySlug null for non-referral passenger rides","duration":0.6560500000000502,"failureMessages":[],"meta":{},"tags":[]}],"startTime":1783483622290,"endTime":1783483622510.656,"status":"passed","message":"","name":"/home/edna/workspace/drts-fleet-platform/.artifacts/worktrees/auto/claude-fleets-closeout-002/apps/api/tests/unit/owned-mobility.service.test.ts"}]}