{"numTotalTestSuites":2,"numPassedTestSuites":2,"numFailedTestSuites":0,"numPendingTestSuites":0,"numTotalTests":4,"numPassedTests":4,"numFailedTests":0,"numPendingTests":0,"numTodoTests":0,"snapshot":{"added":0,"failure":false,"filesAdded":0,"filesRemoved":0,"filesRemovedList":[],"filesUnmatched":0,"filesUpdated":0,"matched":0,"total":0,"unchecked":0,"uncheckedKeysByFile":[],"unmatched":0,"updated":0,"didUpdate":false},"startTime":1783088975473,"success":true,"testResults":[{"assertionResults":[{"ancestorTitles":["map-geofence alert rules"],"fullName":"map-geofence alert rules declares every required alert rule","status":"passed","title":"declares every required alert rule","duration":2.0666539999999998,"failureMessages":[],"meta":{},"tags":[]},{"ancestorTitles":["map-geofence alert rules"],"fullName":"map-geofence alert rules wires provider error, latency, and quota alerts to the required metrics","status":"passed","title":"wires provider error, latency, and quota alerts to the required metrics","duration":0.561710000000005,"failureMessages":[],"meta":{},"tags":[]},{"ancestorTitles":["map-geofence alert rules"],"fullName":"map-geofence alert rules keeps recent-window (rate over a range) semantics so historical counters do not latch alerts","status":"passed","title":"keeps recent-window (rate over a range) semantics so historical counters do not latch alerts","duration":0.27685900000000174,"failureMessages":[],"meta":{},"tags":[]},{"ancestorTitles":["map-geofence alert rules"],"fullName":"map-geofence alert rules separates provider outage, address ambiguity, and policy denial signals","status":"passed","title":"separates provider outage, address ambiguity, and policy denial signals","duration":0.280934000000002,"failureMessages":[],"meta":{},"tags":[]}],"startTime":1783088975679,"endTime":1783088975682.281,"status":"passed","message":"","name":"/home/edna/workspace/drts-fleet-platform/.artifacts/worktrees/auto/claude2-map-obs-001/tests/unit/map-geofence-alerts.test.ts"}]}