{"numTotalTestSuites":7,"numPassedTestSuites":7,"numFailedTestSuites":0,"numPendingTestSuites":0,"numTotalTests":39,"numPassedTests":39,"numFailedTests":0,"numPendingTests":0,"numTodoTests":0,"snapshot":{"added":0,"failure":false,"filesAdded":0,"filesRemoved":0,"filesRemovedList":[],"filesUnmatched":0,"filesUpdated":0,"matched":0,"total":0,"unchecked":0,"uncheckedKeysByFile":[],"unmatched":0,"updated":0,"didUpdate":false},"startTime":1783093133356,"success":true,"testResults":[{"assertionResults":[{"ancestorTitles":["GeoService"],"fullName":"GeoService reports mock provider health for local and CI runtime","status":"passed","title":"reports mock provider health for local and CI runtime","duration":5.002707999999984,"failureMessages":[],"meta":{},"tags":[]},{"ancestorTitles":["GeoService"],"fullName":"GeoService surfaces configured provider quota usage for observability consumers","status":"passed","title":"surfaces configured provider quota usage for observability consumers","duration":0.7690519999999879,"failureMessages":[],"meta":{},"tags":[]},{"ancestorTitles":["GeoService"],"fullName":"GeoService searches deterministic mock candidates for CI and E2E","status":"passed","title":"searches deterministic mock candidates for CI and E2E","duration":1.9497339999999213,"failureMessages":[],"meta":{},"tags":[]},{"ancestorTitles":["GeoService"],"fullName":"GeoService includes a Taipei core serviceable fixture for production E2E success paths","status":"passed","title":"includes a Taipei core serviceable fixture for production E2E success paths","duration":0.6524210000000039,"failureMessages":[],"meta":{},"tags":[]},{"ancestorTitles":["GeoService"],"fullName":"GeoService resolves provider candidates into auditable address payloads","status":"passed","title":"resolves provider candidates into auditable address payloads","duration":1.6156720000000178,"failureMessages":[],"meta":{},"tags":[]},{"ancestorTitles":["GeoService"],"fullName":"GeoService supports explicit manual pin fallback with override reason","status":"passed","title":"supports explicit manual pin fallback with override reason","duration":0.7688110000000279,"failureMessages":[],"meta":{},"tags":[]},{"ancestorTitles":["GeoService"],"fullName":"GeoService normalizes candidate miss into a stable not-found domain error","status":"passed","title":"normalizes candidate miss into a stable not-found domain error","duration":1.7048560000000634,"failureMessages":[],"meta":{},"tags":[]},{"ancestorTitles":["GeoService"],"fullName":"GeoService audits resolved addresses and manual pin overrides with separate counters","status":"passed","title":"audits resolved addresses and manual pin overrides with separate counters","duration":5.629071000000067,"failureMessages":[],"meta":{},"tags":[]},{"ancestorTitles":["GeoService"],"fullName":"GeoService reverse geocodes coordinates to nearest deterministic fixture","status":"passed","title":"reverse geocodes coordinates to nearest deterministic fixture","duration":1.4485049999999546,"failureMessages":[],"meta":{},"tags":[]},{"ancestorTitles":["GeoService"],"fullName":"GeoService normalizes provider outage into retryable API errors","status":"passed","title":"normalizes provider outage into retryable API errors","duration":2.0828200000000834,"failureMessages":[],"meta":{},"tags":[]},{"ancestorTitles":["GeoService"],"fullName":"GeoService separates provider outage, ambiguity, and coordinate-less attempts","status":"passed","title":"separates provider outage, ambiguity, and coordinate-less attempts","duration":1.4698050000000649,"failureMessages":[],"meta":{},"tags":[]},{"ancestorTitles":["GeoService"],"fullName":"GeoService tracks geocode success rate and latency samples in map geofence observability","status":"passed","title":"tracks geocode success rate and latency samples in map geofence observability","duration":1.4796840000000202,"failureMessages":[],"meta":{},"tags":[]},{"ancestorTitles":["GeoService"],"fullName":"GeoService fails closed when production-like runtime tries to use mock provider","status":"passed","title":"fails closed when production-like runtime tries to use mock provider","duration":0.6059760000000551,"failureMessages":[],"meta":{},"tags":[]},{"ancestorTitles":["GeoService"],"fullName":"GeoService fails closed with an explicit check when provider mode is invalid","status":"passed","title":"fails closed with an explicit check when provider mode is invalid","duration":0.6840940000000728,"failureMessages":[],"meta":{},"tags":[]},{"ancestorTitles":["GeoService"],"fullName":"GeoService fails closed when external provider mode is missing required secrets","status":"passed","title":"fails closed when external provider mode is missing required secrets","duration":0.9901629999999386,"failureMessages":[],"meta":{},"tags":[]},{"ancestorTitles":["GeoService"],"fullName":"GeoService rejects invalid search and coordinate input before hitting provider","status":"passed","title":"rejects invalid search and coordinate input before hitting provider","duration":0.7683880000000727,"failureMessages":[],"meta":{},"tags":[]},{"ancestorTitles":["GeoController"],"fullName":"GeoController wraps provider health in the platform API envelope","status":"passed","title":"wraps provider health in the platform API envelope","duration":0.4841709999999466,"failureMessages":[],"meta":{},"tags":[]},{"ancestorTitles":["GeoController"],"fullName":"GeoController wraps geo responses in the platform API envelope","status":"passed","title":"wraps geo responses in the platform API envelope","duration":1.6133820000000014,"failureMessages":[],"meta":{},"tags":[]},{"ancestorTitles":["GeoController"],"fullName":"GeoController wraps resolve responses in the platform API envelope","status":"passed","title":"wraps resolve responses in the platform API envelope","duration":0.4988460000000714,"failureMessages":[],"meta":{},"tags":[]},{"ancestorTitles":["GeoController"],"fullName":"GeoController wraps reverse responses in the platform API envelope","status":"passed","title":"wraps reverse responses in the platform API envelope","duration":0.5125980000000254,"failureMessages":[],"meta":{},"tags":[]}],"startTime":1783093134223,"endTime":1783093134255.5127,"status":"passed","message":"","name":"/home/edna/workspace/drts-fleet-platform/.artifacts/worktrees/auto/codex-map-obs-001/apps/api/tests/unit/geo.service.test.ts"},{"assertionResults":[{"ancestorTitles":["OperationalObservabilityService"],"fullName":"OperationalObservabilityService aggregates workflow metrics and raises role-routed alerts","status":"passed","title":"aggregates workflow metrics and raises role-routed alerts","duration":10.374741000000085,"failureMessages":[],"meta":{},"tags":[]}],"startTime":1783093135406,"endTime":1783093135416.3748,"status":"passed","message":"","name":"/home/edna/workspace/drts-fleet-platform/.artifacts/worktrees/auto/codex-map-obs-001/apps/api/tests/unit/operational-observability.service.test.ts"},{"assertionResults":[{"ancestorTitles":["ServiceAreaService"],"fullName":"ServiceAreaService returns serviceable when pickup and dropoff are inside an active area","status":"passed","title":"returns serviceable when pickup and dropoff are inside an active area","duration":6.6963100000000395,"failureMessages":[],"meta":{},"tags":[]},{"ancestorTitles":["ServiceAreaService"],"fullName":"ServiceAreaService rejects pickup points outside the service area","status":"passed","title":"rejects pickup points outside the service area","duration":2.202388999999812,"failureMessages":[],"meta":{},"tags":[]},{"ancestorTitles":["ServiceAreaService"],"fullName":"ServiceAreaService hard-blocks a pickup point inside a deny stop policy","status":"passed","title":"hard-blocks a pickup point inside a deny stop policy","duration":1.3887340000001132,"failureMessages":[],"meta":{},"tags":[]},{"ancestorTitles":["ServiceAreaService"],"fullName":"ServiceAreaService audits evaluations and separates policy denial from coordinate-less attempts","status":"passed","title":"audits evaluations and separates policy denial from coordinate-less attempts","duration":7.020463999999947,"failureMessages":[],"meta":{},"tags":[]},{"ancestorTitles":["ServiceAreaService"],"fullName":"ServiceAreaService returns manual review when a stop hits a review-only policy","status":"passed","title":"returns manual review when a stop hits a review-only policy","duration":0.9820640000000367,"failureMessages":[],"meta":{},"tags":[]},{"ancestorTitles":["ServiceAreaService"],"fullName":"ServiceAreaService uses service product scoping when matching areas","status":"passed","title":"uses service product scoping when matching areas","duration":0.6163499999997839,"failureMessages":[],"meta":{},"tags":[]},{"ancestorTitles":["ServiceAreaService"],"fullName":"ServiceAreaService rejects invalid coordinates with a 400 contract error","status":"passed","title":"rejects invalid coordinates with a 400 contract error","duration":0.9768890000000283,"failureMessages":[],"meta":{},"tags":[]},{"ancestorTitles":["ServiceAreaService"],"fullName":"ServiceAreaService returns definitions with generated freshness metadata","status":"passed","title":"returns definitions with generated freshness metadata","duration":1.0359730000000127,"failureMessages":[],"meta":{},"tags":[]},{"ancestorTitles":["ServiceAreaService"],"fullName":"ServiceAreaService exports governed admin GeoJSON layers with lifecycle metadata","status":"passed","title":"exports governed admin GeoJSON layers with lifecycle metadata","duration":2.131658000000016,"failureMessages":[],"meta":{},"tags":[]},{"ancestorTitles":["ServiceAreaService"],"fullName":"ServiceAreaService merges persisted governance state with baseline service-area seeds on startup","status":"passed","title":"merges persisted governance state with baseline service-area seeds on startup","duration":1.7195399999998244,"failureMessages":[],"meta":{},"tags":[]},{"ancestorTitles":["ServiceAreaService"],"fullName":"ServiceAreaService rejects service-area creates when persistence fails without mutating memory or audit","status":"passed","title":"rejects service-area creates when persistence fails without mutating memory or audit","duration":3.4013720000000376,"failureMessages":[],"meta":{},"tags":[]},{"ancestorTitles":["ServiceAreaService"],"fullName":"ServiceAreaService rolls back service-area updates when persistence fails","status":"passed","title":"rolls back service-area updates when persistence fails","duration":1.4829140000001644,"failureMessages":[],"meta":{},"tags":[]},{"ancestorTitles":["ServiceAreaService"],"fullName":"ServiceAreaService publishes service-area drafts and feeds the evaluator immediately","status":"passed","title":"publishes service-area drafts and feeds the evaluator immediately","duration":2.158631000000014,"failureMessages":[],"meta":{},"tags":[]},{"ancestorTitles":["ServiceAreaService"],"fullName":"ServiceAreaService keeps future-effective published service areas out of evaluator until active","status":"passed","title":"keeps future-effective published service areas out of evaluator until active","duration":0.7894340000000284,"failureMessages":[],"meta":{},"tags":[]},{"ancestorTitles":["ServiceAreaService"],"fullName":"ServiceAreaService rejects overlapping active versions for the same service-area code","status":"passed","title":"rejects overlapping active versions for the same service-area code","duration":1.039115000000038,"failureMessages":[],"meta":{},"tags":[]},{"ancestorTitles":["ServiceAreaService"],"fullName":"ServiceAreaService publishes and retires stop policies without losing service-area coverage","status":"passed","title":"publishes and retires stop policies without losing service-area coverage","duration":2.1006549999999606,"failureMessages":[],"meta":{},"tags":[]},{"ancestorTitles":["ServiceAreaService"],"fullName":"ServiceAreaService rejects self-intersecting service-area geometry before persistence","status":"passed","title":"rejects self-intersecting service-area geometry before persistence","duration":0.477779000000055,"failureMessages":[],"meta":{},"tags":[]},{"ancestorTitles":["ServiceAreaService"],"fullName":"ServiceAreaService exposes admin mutation envelopes through the controller","status":"passed","title":"exposes admin mutation envelopes through the controller","duration":0.8639399999999569,"failureMessages":[],"meta":{},"tags":[]}],"startTime":1783093134670,"endTime":1783093134707.864,"status":"passed","message":"","name":"/home/edna/workspace/drts-fleet-platform/.artifacts/worktrees/auto/codex-map-obs-001/apps/api/tests/unit/service-area.service.test.ts"}]}