{"numTotalTestSuites":7,"numPassedTestSuites":7,"numFailedTestSuites":0,"numPendingTestSuites":0,"numTotalTests":39,"numPassedTests":39,"numFailedTests":0,"numPendingTests":0,"numTodoTests":0,"snapshot":{"added":0,"failure":false,"filesAdded":0,"filesRemoved":0,"filesRemovedList":[],"filesUnmatched":0,"filesUpdated":0,"matched":0,"total":0,"unchecked":0,"uncheckedKeysByFile":[],"unmatched":0,"updated":0,"didUpdate":false},"startTime":1783091874663,"success":true,"testResults":[{"assertionResults":[{"ancestorTitles":["GeoService"],"fullName":"GeoService reports mock provider health for local and CI runtime","status":"passed","title":"reports mock provider health for local and CI runtime","duration":5.262723000000051,"failureMessages":[],"meta":{},"tags":[]},{"ancestorTitles":["GeoService"],"fullName":"GeoService surfaces configured provider quota usage for observability consumers","status":"passed","title":"surfaces configured provider quota usage for observability consumers","duration":3.891984999999977,"failureMessages":[],"meta":{},"tags":[]},{"ancestorTitles":["GeoService"],"fullName":"GeoService searches deterministic mock candidates for CI and E2E","status":"passed","title":"searches deterministic mock candidates for CI and E2E","duration":2.0680190000000493,"failureMessages":[],"meta":{},"tags":[]},{"ancestorTitles":["GeoService"],"fullName":"GeoService includes a Taipei core serviceable fixture for production E2E success paths","status":"passed","title":"includes a Taipei core serviceable fixture for production E2E success paths","duration":3.853890999999976,"failureMessages":[],"meta":{},"tags":[]},{"ancestorTitles":["GeoService"],"fullName":"GeoService resolves provider candidates into auditable address payloads","status":"passed","title":"resolves provider candidates into auditable address payloads","duration":1.5025869999999486,"failureMessages":[],"meta":{},"tags":[]},{"ancestorTitles":["GeoService"],"fullName":"GeoService supports explicit manual pin fallback with override reason","status":"passed","title":"supports explicit manual pin fallback with override reason","duration":0.6812770000000228,"failureMessages":[],"meta":{},"tags":[]},{"ancestorTitles":["GeoService"],"fullName":"GeoService normalizes candidate miss into a stable not-found domain error","status":"passed","title":"normalizes candidate miss into a stable not-found domain error","duration":1.563036000000011,"failureMessages":[],"meta":{},"tags":[]},{"ancestorTitles":["GeoService"],"fullName":"GeoService audits resolved addresses and manual pin overrides with separate counters","status":"passed","title":"audits resolved addresses and manual pin overrides with separate counters","duration":5.4754669999999805,"failureMessages":[],"meta":{},"tags":[]},{"ancestorTitles":["GeoService"],"fullName":"GeoService reverse geocodes coordinates to nearest deterministic fixture","status":"passed","title":"reverse geocodes coordinates to nearest deterministic fixture","duration":1.3227549999999155,"failureMessages":[],"meta":{},"tags":[]},{"ancestorTitles":["GeoService"],"fullName":"GeoService normalizes provider outage into retryable API errors","status":"passed","title":"normalizes provider outage into retryable API errors","duration":2.0466410000000224,"failureMessages":[],"meta":{},"tags":[]},{"ancestorTitles":["GeoService"],"fullName":"GeoService separates provider outage, ambiguity, and coordinate-less attempts","status":"passed","title":"separates provider outage, ambiguity, and coordinate-less attempts","duration":1.3192730000000665,"failureMessages":[],"meta":{},"tags":[]},{"ancestorTitles":["GeoService"],"fullName":"GeoService tracks geocode success rate and latency samples in map geofence observability","status":"passed","title":"tracks geocode success rate and latency samples in map geofence observability","duration":1.2966090000001032,"failureMessages":[],"meta":{},"tags":[]},{"ancestorTitles":["GeoService"],"fullName":"GeoService fails closed when production-like runtime tries to use mock provider","status":"passed","title":"fails closed when production-like runtime tries to use mock provider","duration":0.5109710000000405,"failureMessages":[],"meta":{},"tags":[]},{"ancestorTitles":["GeoService"],"fullName":"GeoService fails closed with an explicit check when provider mode is invalid","status":"passed","title":"fails closed with an explicit check when provider mode is invalid","duration":0.5367839999998978,"failureMessages":[],"meta":{},"tags":[]},{"ancestorTitles":["GeoService"],"fullName":"GeoService fails closed when external provider mode is missing required secrets","status":"passed","title":"fails closed when external provider mode is missing required secrets","duration":0.8616549999999279,"failureMessages":[],"meta":{},"tags":[]},{"ancestorTitles":["GeoService"],"fullName":"GeoService rejects invalid search and coordinate input before hitting provider","status":"passed","title":"rejects invalid search and coordinate input before hitting provider","duration":0.7250330000000531,"failureMessages":[],"meta":{},"tags":[]},{"ancestorTitles":["GeoController"],"fullName":"GeoController wraps provider health in the platform API envelope","status":"passed","title":"wraps provider health in the platform API envelope","duration":0.44580600000006143,"failureMessages":[],"meta":{},"tags":[]},{"ancestorTitles":["GeoController"],"fullName":"GeoController wraps geo responses in the platform API envelope","status":"passed","title":"wraps geo responses in the platform API envelope","duration":1.9065630000000056,"failureMessages":[],"meta":{},"tags":[]},{"ancestorTitles":["GeoController"],"fullName":"GeoController wraps resolve responses in the platform API envelope","status":"passed","title":"wraps resolve responses in the platform API envelope","duration":0.4260820000000649,"failureMessages":[],"meta":{},"tags":[]},{"ancestorTitles":["GeoController"],"fullName":"GeoController wraps reverse responses in the platform API envelope","status":"passed","title":"wraps reverse responses in the platform API envelope","duration":0.5406560000000127,"failureMessages":[],"meta":{},"tags":[]}],"startTime":1783091875672,"endTime":1783091875709.5408,"status":"passed","message":"","name":"/home/edna/workspace/drts-fleet-platform/.artifacts/worktrees/auto/codex-map-obs-001/apps/api/tests/unit/geo.service.test.ts"},{"assertionResults":[{"ancestorTitles":["OperationalObservabilityService"],"fullName":"OperationalObservabilityService aggregates workflow metrics and raises role-routed alerts","status":"passed","title":"aggregates workflow metrics and raises role-routed alerts","duration":11.844473000000107,"failureMessages":[],"meta":{},"tags":[]}],"startTime":1783091877203,"endTime":1783091877214.8445,"status":"passed","message":"","name":"/home/edna/workspace/drts-fleet-platform/.artifacts/worktrees/auto/codex-map-obs-001/apps/api/tests/unit/operational-observability.service.test.ts"},{"assertionResults":[{"ancestorTitles":["ServiceAreaService"],"fullName":"ServiceAreaService returns serviceable when pickup and dropoff are inside an active area","status":"passed","title":"returns serviceable when pickup and dropoff are inside an active area","duration":6.387953000000152,"failureMessages":[],"meta":{},"tags":[]},{"ancestorTitles":["ServiceAreaService"],"fullName":"ServiceAreaService rejects pickup points outside the service area","status":"passed","title":"rejects pickup points outside the service area","duration":2.05036599999994,"failureMessages":[],"meta":{},"tags":[]},{"ancestorTitles":["ServiceAreaService"],"fullName":"ServiceAreaService hard-blocks a pickup point inside a deny stop policy","status":"passed","title":"hard-blocks a pickup point inside a deny stop policy","duration":1.4073260000000118,"failureMessages":[],"meta":{},"tags":[]},{"ancestorTitles":["ServiceAreaService"],"fullName":"ServiceAreaService audits evaluations and separates policy denial from coordinate-less attempts","status":"passed","title":"audits evaluations and separates policy denial from coordinate-less attempts","duration":6.60618999999997,"failureMessages":[],"meta":{},"tags":[]},{"ancestorTitles":["ServiceAreaService"],"fullName":"ServiceAreaService returns manual review when a stop hits a review-only policy","status":"passed","title":"returns manual review when a stop hits a review-only policy","duration":0.9577679999999873,"failureMessages":[],"meta":{},"tags":[]},{"ancestorTitles":["ServiceAreaService"],"fullName":"ServiceAreaService uses service product scoping when matching areas","status":"passed","title":"uses service product scoping when matching areas","duration":0.6162340000000768,"failureMessages":[],"meta":{},"tags":[]},{"ancestorTitles":["ServiceAreaService"],"fullName":"ServiceAreaService rejects invalid coordinates with a 400 contract error","status":"passed","title":"rejects invalid coordinates with a 400 contract error","duration":0.9298499999999876,"failureMessages":[],"meta":{},"tags":[]},{"ancestorTitles":["ServiceAreaService"],"fullName":"ServiceAreaService returns definitions with generated freshness metadata","status":"passed","title":"returns definitions with generated freshness metadata","duration":0.9658610000001318,"failureMessages":[],"meta":{},"tags":[]},{"ancestorTitles":["ServiceAreaService"],"fullName":"ServiceAreaService exports governed admin GeoJSON layers with lifecycle metadata","status":"passed","title":"exports governed admin GeoJSON layers with lifecycle metadata","duration":1.9263539999999466,"failureMessages":[],"meta":{},"tags":[]},{"ancestorTitles":["ServiceAreaService"],"fullName":"ServiceAreaService merges persisted governance state with baseline service-area seeds on startup","status":"passed","title":"merges persisted governance state with baseline service-area seeds on startup","duration":1.4769320000000334,"failureMessages":[],"meta":{},"tags":[]},{"ancestorTitles":["ServiceAreaService"],"fullName":"ServiceAreaService rejects service-area creates when persistence fails without mutating memory or audit","status":"passed","title":"rejects service-area creates when persistence fails without mutating memory or audit","duration":3.302026000000069,"failureMessages":[],"meta":{},"tags":[]},{"ancestorTitles":["ServiceAreaService"],"fullName":"ServiceAreaService rolls back service-area updates when persistence fails","status":"passed","title":"rolls back service-area updates when persistence fails","duration":1.9611469999999827,"failureMessages":[],"meta":{},"tags":[]},{"ancestorTitles":["ServiceAreaService"],"fullName":"ServiceAreaService publishes service-area drafts and feeds the evaluator immediately","status":"passed","title":"publishes service-area drafts and feeds the evaluator immediately","duration":3.003879000000097,"failureMessages":[],"meta":{},"tags":[]},{"ancestorTitles":["ServiceAreaService"],"fullName":"ServiceAreaService keeps future-effective published service areas out of evaluator until active","status":"passed","title":"keeps future-effective published service areas out of evaluator until active","duration":0.9712139999999181,"failureMessages":[],"meta":{},"tags":[]},{"ancestorTitles":["ServiceAreaService"],"fullName":"ServiceAreaService rejects overlapping active versions for the same service-area code","status":"passed","title":"rejects overlapping active versions for the same service-area code","duration":1.1632750000001124,"failureMessages":[],"meta":{},"tags":[]},{"ancestorTitles":["ServiceAreaService"],"fullName":"ServiceAreaService publishes and retires stop policies without losing service-area coverage","status":"passed","title":"publishes and retires stop policies without losing service-area coverage","duration":2.964721999999938,"failureMessages":[],"meta":{},"tags":[]},{"ancestorTitles":["ServiceAreaService"],"fullName":"ServiceAreaService rejects self-intersecting service-area geometry before persistence","status":"passed","title":"rejects self-intersecting service-area geometry before persistence","duration":0.6313940000000002,"failureMessages":[],"meta":{},"tags":[]},{"ancestorTitles":["ServiceAreaService"],"fullName":"ServiceAreaService exposes admin mutation envelopes through the controller","status":"passed","title":"exposes admin mutation envelopes through the controller","duration":1.195301999999856,"failureMessages":[],"meta":{},"tags":[]}],"startTime":1783091876270,"endTime":1783091876309.1953,"status":"passed","message":"","name":"/home/edna/workspace/drts-fleet-platform/.artifacts/worktrees/auto/codex-map-obs-001/apps/api/tests/unit/service-area.service.test.ts"}]}