{"numTotalTestSuites":7,"numPassedTestSuites":7,"numFailedTestSuites":0,"numPendingTestSuites":0,"numTotalTests":38,"numPassedTests":38,"numFailedTests":0,"numPendingTests":0,"numTodoTests":0,"snapshot":{"added":0,"failure":false,"filesAdded":0,"filesRemoved":0,"filesRemovedList":[],"filesUnmatched":0,"filesUpdated":0,"matched":0,"total":0,"unchecked":0,"uncheckedKeysByFile":[],"unmatched":0,"updated":0,"didUpdate":false},"startTime":1783088898987,"success":true,"testResults":[{"assertionResults":[{"ancestorTitles":["GeoService"],"fullName":"GeoService reports mock provider health for local and CI runtime","status":"passed","title":"reports mock provider health for local and CI runtime","duration":4.824546999999939,"failureMessages":[],"meta":{},"tags":[]},{"ancestorTitles":["GeoService"],"fullName":"GeoService searches deterministic mock candidates for CI and E2E","status":"passed","title":"searches deterministic mock candidates for CI and E2E","duration":2.1126809999999523,"failureMessages":[],"meta":{},"tags":[]},{"ancestorTitles":["GeoService"],"fullName":"GeoService includes a Taipei core serviceable fixture for production E2E success paths","status":"passed","title":"includes a Taipei core serviceable fixture for production E2E success paths","duration":0.7534640000000081,"failureMessages":[],"meta":{},"tags":[]},{"ancestorTitles":["GeoService"],"fullName":"GeoService resolves provider candidates into auditable address payloads","status":"passed","title":"resolves provider candidates into auditable address payloads","duration":1.360125000000039,"failureMessages":[],"meta":{},"tags":[]},{"ancestorTitles":["GeoService"],"fullName":"GeoService supports explicit manual pin fallback with override reason","status":"passed","title":"supports explicit manual pin fallback with override reason","duration":0.8702919999999494,"failureMessages":[],"meta":{},"tags":[]},{"ancestorTitles":["GeoService"],"fullName":"GeoService normalizes candidate miss into a stable not-found domain error","status":"passed","title":"normalizes candidate miss into a stable not-found domain error","duration":1.7752050000000281,"failureMessages":[],"meta":{},"tags":[]},{"ancestorTitles":["GeoService"],"fullName":"GeoService audits resolved addresses and manual pin overrides with separate counters","status":"passed","title":"audits resolved addresses and manual pin overrides with separate counters","duration":5.969604000000004,"failureMessages":[],"meta":{},"tags":[]},{"ancestorTitles":["GeoService"],"fullName":"GeoService reverse geocodes coordinates to nearest deterministic fixture","status":"passed","title":"reverse geocodes coordinates to nearest deterministic fixture","duration":0.8657389999999623,"failureMessages":[],"meta":{},"tags":[]},{"ancestorTitles":["GeoService"],"fullName":"GeoService normalizes provider outage into retryable API errors","status":"passed","title":"normalizes provider outage into retryable API errors","duration":2.462716999999998,"failureMessages":[],"meta":{},"tags":[]},{"ancestorTitles":["GeoService"],"fullName":"GeoService separates provider outage, ambiguity, and coordinate-less attempts","status":"passed","title":"separates provider outage, ambiguity, and coordinate-less attempts","duration":1.7080250000000206,"failureMessages":[],"meta":{},"tags":[]},{"ancestorTitles":["GeoService"],"fullName":"GeoService fails closed when production-like runtime tries to use mock provider","status":"passed","title":"fails closed when production-like runtime tries to use mock provider","duration":0.745757000000026,"failureMessages":[],"meta":{},"tags":[]},{"ancestorTitles":["GeoService"],"fullName":"GeoService fails closed with an explicit check when provider mode is invalid","status":"passed","title":"fails closed with an explicit check when provider mode is invalid","duration":0.6288090000000466,"failureMessages":[],"meta":{},"tags":[]},{"ancestorTitles":["GeoService"],"fullName":"GeoService fails closed when external provider mode is missing required secrets","status":"passed","title":"fails closed when external provider mode is missing required secrets","duration":1.010674999999992,"failureMessages":[],"meta":{},"tags":[]},{"ancestorTitles":["GeoService"],"fullName":"GeoService rejects invalid search and coordinate input before hitting provider","status":"passed","title":"rejects invalid search and coordinate input before hitting provider","duration":0.8141970000000356,"failureMessages":[],"meta":{},"tags":[]},{"ancestorTitles":["GeoController"],"fullName":"GeoController wraps provider health in the platform API envelope","status":"passed","title":"wraps provider health in the platform API envelope","duration":0.5804849999999533,"failureMessages":[],"meta":{},"tags":[]},{"ancestorTitles":["GeoController"],"fullName":"GeoController wraps geo responses in the platform API envelope","status":"passed","title":"wraps geo responses in the platform API envelope","duration":1.5293149999999969,"failureMessages":[],"meta":{},"tags":[]},{"ancestorTitles":["GeoController"],"fullName":"GeoController wraps resolve responses in the platform API envelope","status":"passed","title":"wraps resolve responses in the platform API envelope","duration":0.4703150000000278,"failureMessages":[],"meta":{},"tags":[]},{"ancestorTitles":["GeoController"],"fullName":"GeoController wraps reverse responses in the platform API envelope","status":"passed","title":"wraps reverse responses in the platform API envelope","duration":0.6102180000000317,"failureMessages":[],"meta":{},"tags":[]}],"startTime":1783088899735,"endTime":1783088899765.61,"status":"passed","message":"","name":"/home/edna/workspace/drts-fleet-platform/.artifacts/worktrees/auto/claude2-map-obs-001/apps/api/tests/unit/geo.service.test.ts"},{"assertionResults":[{"ancestorTitles":["OperationalObservabilityService"],"fullName":"OperationalObservabilityService aggregates workflow metrics and raises role-routed alerts","status":"passed","title":"aggregates workflow metrics and raises role-routed alerts","duration":10.68785600000001,"failureMessages":[],"meta":{},"tags":[]},{"ancestorTitles":["OperationalObservabilityService"],"fullName":"OperationalObservabilityService does not latch map outage or geofence denial alerts from historical counters","status":"passed","title":"does not latch map outage or geofence denial alerts from historical counters","duration":1.6149400000001606,"failureMessages":[],"meta":{},"tags":[]}],"startTime":1783088900811,"endTime":1783088900822.615,"status":"passed","message":"","name":"/home/edna/workspace/drts-fleet-platform/.artifacts/worktrees/auto/claude2-map-obs-001/apps/api/tests/unit/operational-observability.service.test.ts"},{"assertionResults":[{"ancestorTitles":["ServiceAreaService"],"fullName":"ServiceAreaService returns serviceable when pickup and dropoff are inside an active area","status":"passed","title":"returns serviceable when pickup and dropoff are inside an active area","duration":5.232126999999991,"failureMessages":[],"meta":{},"tags":[]},{"ancestorTitles":["ServiceAreaService"],"fullName":"ServiceAreaService rejects pickup points outside the service area","status":"passed","title":"rejects pickup points outside the service area","duration":1.4519909999999072,"failureMessages":[],"meta":{},"tags":[]},{"ancestorTitles":["ServiceAreaService"],"fullName":"ServiceAreaService hard-blocks a pickup point inside a deny stop policy","status":"passed","title":"hard-blocks a pickup point inside a deny stop policy","duration":0.9756119999999555,"failureMessages":[],"meta":{},"tags":[]},{"ancestorTitles":["ServiceAreaService"],"fullName":"ServiceAreaService audits evaluations and separates policy denial from coordinate-less attempts","status":"passed","title":"audits evaluations and separates policy denial from coordinate-less attempts","duration":4.5371070000001055,"failureMessages":[],"meta":{},"tags":[]},{"ancestorTitles":["ServiceAreaService"],"fullName":"ServiceAreaService returns manual review when a stop hits a review-only policy","status":"passed","title":"returns manual review when a stop hits a review-only policy","duration":0.6628230000001167,"failureMessages":[],"meta":{},"tags":[]},{"ancestorTitles":["ServiceAreaService"],"fullName":"ServiceAreaService uses service product scoping when matching areas","status":"passed","title":"uses service product scoping when matching areas","duration":0.38092200000005505,"failureMessages":[],"meta":{},"tags":[]},{"ancestorTitles":["ServiceAreaService"],"fullName":"ServiceAreaService rejects invalid coordinates with a 400 contract error","status":"passed","title":"rejects invalid coordinates with a 400 contract error","duration":0.6934619999999541,"failureMessages":[],"meta":{},"tags":[]},{"ancestorTitles":["ServiceAreaService"],"fullName":"ServiceAreaService returns definitions with generated freshness metadata","status":"passed","title":"returns definitions with generated freshness metadata","duration":0.7084629999999379,"failureMessages":[],"meta":{},"tags":[]},{"ancestorTitles":["ServiceAreaService"],"fullName":"ServiceAreaService exports governed admin GeoJSON layers with lifecycle metadata","status":"passed","title":"exports governed admin GeoJSON layers with lifecycle metadata","duration":1.2914319999999861,"failureMessages":[],"meta":{},"tags":[]},{"ancestorTitles":["ServiceAreaService"],"fullName":"ServiceAreaService merges persisted governance state with baseline service-area seeds on startup","status":"passed","title":"merges persisted governance state with baseline service-area seeds on startup","duration":1.0499879999999848,"failureMessages":[],"meta":{},"tags":[]},{"ancestorTitles":["ServiceAreaService"],"fullName":"ServiceAreaService rejects service-area creates when persistence fails without mutating memory or audit","status":"passed","title":"rejects service-area creates when persistence fails without mutating memory or audit","duration":2.3999160000000757,"failureMessages":[],"meta":{},"tags":[]},{"ancestorTitles":["ServiceAreaService"],"fullName":"ServiceAreaService rolls back service-area updates when persistence fails","status":"passed","title":"rolls back service-area updates when persistence fails","duration":1.4655680000000757,"failureMessages":[],"meta":{},"tags":[]},{"ancestorTitles":["ServiceAreaService"],"fullName":"ServiceAreaService publishes service-area drafts and feeds the evaluator immediately","status":"passed","title":"publishes service-area drafts and feeds the evaluator immediately","duration":2.192639999999983,"failureMessages":[],"meta":{},"tags":[]},{"ancestorTitles":["ServiceAreaService"],"fullName":"ServiceAreaService keeps future-effective published service areas out of evaluator until active","status":"passed","title":"keeps future-effective published service areas out of evaluator until active","duration":0.6880350000001272,"failureMessages":[],"meta":{},"tags":[]},{"ancestorTitles":["ServiceAreaService"],"fullName":"ServiceAreaService rejects overlapping active versions for the same service-area code","status":"passed","title":"rejects overlapping active versions for the same service-area code","duration":0.8779839999999695,"failureMessages":[],"meta":{},"tags":[]},{"ancestorTitles":["ServiceAreaService"],"fullName":"ServiceAreaService publishes and retires stop policies without losing service-area coverage","status":"passed","title":"publishes and retires stop policies without losing service-area coverage","duration":2.0989130000000387,"failureMessages":[],"meta":{},"tags":[]},{"ancestorTitles":["ServiceAreaService"],"fullName":"ServiceAreaService rejects self-intersecting service-area geometry before persistence","status":"passed","title":"rejects self-intersecting service-area geometry before persistence","duration":0.46741399999996247,"failureMessages":[],"meta":{},"tags":[]},{"ancestorTitles":["ServiceAreaService"],"fullName":"ServiceAreaService exposes admin mutation envelopes through the controller","status":"passed","title":"exposes admin mutation envelopes through the controller","duration":0.9755889999998999,"failureMessages":[],"meta":{},"tags":[]}],"startTime":1783088900180,"endTime":1783088900207.9756,"status":"passed","message":"","name":"/home/edna/workspace/drts-fleet-platform/.artifacts/worktrees/auto/claude2-map-obs-001/apps/api/tests/unit/service-area.service.test.ts"}]}