{"numTotalTestSuites":3,"numPassedTestSuites":3,"numFailedTestSuites":0,"numPendingTestSuites":0,"numTotalTests":3,"numPassedTests":3,"numFailedTests":0,"numPendingTests":0,"numTodoTests":0,"snapshot":{"added":0,"failure":false,"filesAdded":0,"filesRemoved":0,"filesRemovedList":[],"filesUnmatched":0,"filesUpdated":0,"matched":0,"total":0,"unchecked":0,"uncheckedKeysByFile":[],"unmatched":0,"updated":0,"didUpdate":false},"startTime":1783091644613,"success":true,"testResults":[{"assertionResults":[{"ancestorTitles":["map geofence alert rules"],"fullName":"map geofence alert rules defines required recent-window rules with the expected source metrics","status":"passed","title":"defines required recent-window rules with the expected source metrics","duration":6.131028000000015,"failureMessages":[],"meta":{},"tags":[]},{"ancestorTitles":["map geofence observability runbooks"],"fullName":"map geofence observability runbooks distinguishes outage, ambiguity, policy denial, postgis, and manual override topics","status":"passed","title":"distinguishes outage, ambiguity, policy denial, postgis, and manual override topics","duration":0.6373439999999846,"failureMessages":[],"meta":{},"tags":[]},{"ancestorTitles":["map geofence observability runbooks"],"fullName":"map geofence observability runbooks cross-links the operational alert runbook to the dedicated map/geofence rule set","status":"passed","title":"cross-links the operational alert runbook to the dedicated map/geofence rule set","duration":0.34019899999998415,"failureMessages":[],"meta":{},"tags":[]}],"startTime":1783091644973,"endTime":1783091644980.6375,"status":"passed","message":"","name":"/home/edna/workspace/drts-fleet-platform/.artifacts/worktrees/auto/codex-map-obs-001/tests/unit/map-geofence-alerts.test.ts"}]}