{"numTotalTestSuites":2,"numPassedTestSuites":2,"numFailedTestSuites":0,"numPendingTestSuites":0,"numTotalTests":5,"numPassedTests":5,"numFailedTests":0,"numPendingTests":0,"numTodoTests":0,"snapshot":{"added":0,"failure":false,"filesAdded":0,"filesRemoved":0,"filesRemovedList":[],"filesUnmatched":0,"filesUpdated":0,"matched":0,"total":0,"unchecked":0,"uncheckedKeysByFile":[],"unmatched":0,"updated":0,"didUpdate":false},"startTime":1783742434904,"success":true,"testResults":[{"assertionResults":[{"ancestorTitles":["callcenter map booking gate"],"fullName":"callcenter map booking gate detects coordinate and provenance readiness","status":"passed","title":"detects coordinate and provenance readiness","duration":2.8403829999999743,"failureMessages":[],"meta":{},"tags":[]},{"ancestorTitles":["callcenter map booking gate"],"fullName":"callcenter map booking gate blocks coordinate-less phone bookings before they become dispatchable","status":"passed","title":"blocks coordinate-less phone bookings before they become dispatchable","duration":1.7397179999999821,"failureMessages":[],"meta":{},"tags":[]},{"ancestorTitles":["callcenter map booking gate"],"fullName":"callcenter map booking gate requires service-area preview and blocks not-serviceable decisions","status":"passed","title":"requires service-area preview and blocks not-serviceable decisions","duration":0.6863060000000019,"failureMessages":[],"meta":{},"tags":[]},{"ancestorTitles":["callcenter map booking gate"],"fullName":"callcenter map booking gate allows manual-review bookings while keeping the decision visible","status":"passed","title":"allows manual-review bookings while keeping the decision visible","duration":0.5600089999999796,"failureMessages":[],"meta":{},"tags":[]},{"ancestorTitles":["callcenter map booking gate"],"fullName":"callcenter map booking gate builds CreateCallCenterOrderCommand with coordinate payloads","status":"passed","title":"builds CreateCallCenterOrderCommand with coordinate payloads","duration":1.631732999999997,"failureMessages":[],"meta":{},"tags":[]}],"startTime":1783742435349,"endTime":1783742435356.6318,"status":"passed","message":"","name":"/home/edna/workspace/drts-fleet-platform/.artifacts/worktrees/auto/codex-fleets-closeout-009/apps/ops-console-web/tests/unit/callcenter-map-booking.test.ts"}]}