{"numTotalTestSuites":2,"numPassedTestSuites":2,"numFailedTestSuites":0,"numPendingTestSuites":0,"numTotalTests":18,"numPassedTests":18,"numFailedTests":0,"numPendingTests":0,"numTodoTests":0,"snapshot":{"added":0,"failure":false,"filesAdded":0,"filesRemoved":0,"filesRemovedList":[],"filesUnmatched":0,"filesUpdated":0,"matched":0,"total":0,"unchecked":0,"uncheckedKeysByFile":[],"unmatched":0,"updated":0,"didUpdate":false},"startTime":1783138129380,"success":true,"testResults":[{"assertionResults":[{"ancestorTitles":["ServiceAreaService"],"fullName":"ServiceAreaService returns serviceable when pickup and dropoff are inside an active area","status":"passed","title":"returns serviceable when pickup and dropoff are inside an active area","duration":4.31531300000006,"failureMessages":[],"meta":{},"tags":[]},{"ancestorTitles":["ServiceAreaService"],"fullName":"ServiceAreaService rejects pickup points outside the service area","status":"passed","title":"rejects pickup points outside the service area","duration":1.5130830000000515,"failureMessages":[],"meta":{},"tags":[]},{"ancestorTitles":["ServiceAreaService"],"fullName":"ServiceAreaService hard-blocks a pickup point inside a deny stop policy","status":"passed","title":"hard-blocks a pickup point inside a deny stop policy","duration":0.8891700000001492,"failureMessages":[],"meta":{},"tags":[]},{"ancestorTitles":["ServiceAreaService"],"fullName":"ServiceAreaService audits evaluations and separates policy denial from coordinate-less attempts","status":"passed","title":"audits evaluations and separates policy denial from coordinate-less attempts","duration":4.529332999999951,"failureMessages":[],"meta":{},"tags":[]},{"ancestorTitles":["ServiceAreaService"],"fullName":"ServiceAreaService returns manual review when a stop hits a review-only policy","status":"passed","title":"returns manual review when a stop hits a review-only policy","duration":0.62466500000005,"failureMessages":[],"meta":{},"tags":[]},{"ancestorTitles":["ServiceAreaService"],"fullName":"ServiceAreaService uses service product scoping when matching areas","status":"passed","title":"uses service product scoping when matching areas","duration":0.3724139999999352,"failureMessages":[],"meta":{},"tags":[]},{"ancestorTitles":["ServiceAreaService"],"fullName":"ServiceAreaService rejects invalid coordinates with a 400 contract error","status":"passed","title":"rejects invalid coordinates with a 400 contract error","duration":0.6197089999998298,"failureMessages":[],"meta":{},"tags":[]},{"ancestorTitles":["ServiceAreaService"],"fullName":"ServiceAreaService returns definitions with generated freshness metadata","status":"passed","title":"returns definitions with generated freshness metadata","duration":0.6835920000000897,"failureMessages":[],"meta":{},"tags":[]},{"ancestorTitles":["ServiceAreaService"],"fullName":"ServiceAreaService exports governed admin GeoJSON layers with lifecycle metadata","status":"passed","title":"exports governed admin GeoJSON layers with lifecycle metadata","duration":1.3245140000001356,"failureMessages":[],"meta":{},"tags":[]},{"ancestorTitles":["ServiceAreaService"],"fullName":"ServiceAreaService merges persisted governance state with baseline service-area seeds on startup","status":"passed","title":"merges persisted governance state with baseline service-area seeds on startup","duration":0.992631000000074,"failureMessages":[],"meta":{},"tags":[]},{"ancestorTitles":["ServiceAreaService"],"fullName":"ServiceAreaService rejects service-area creates when persistence fails without mutating memory or audit","status":"passed","title":"rejects service-area creates when persistence fails without mutating memory or audit","duration":2.2355760000000373,"failureMessages":[],"meta":{},"tags":[]},{"ancestorTitles":["ServiceAreaService"],"fullName":"ServiceAreaService rolls back service-area updates when persistence fails","status":"passed","title":"rolls back service-area updates when persistence fails","duration":1.3687380000001212,"failureMessages":[],"meta":{},"tags":[]},{"ancestorTitles":["ServiceAreaService"],"fullName":"ServiceAreaService publishes service-area drafts and feeds the evaluator immediately","status":"passed","title":"publishes service-area drafts and feeds the evaluator immediately","duration":2.1004760000000715,"failureMessages":[],"meta":{},"tags":[]},{"ancestorTitles":["ServiceAreaService"],"fullName":"ServiceAreaService keeps future-effective published service areas out of evaluator until active","status":"passed","title":"keeps future-effective published service areas out of evaluator until active","duration":0.687355000000025,"failureMessages":[],"meta":{},"tags":[]},{"ancestorTitles":["ServiceAreaService"],"fullName":"ServiceAreaService rejects overlapping active versions for the same service-area code","status":"passed","title":"rejects overlapping active versions for the same service-area code","duration":0.848203999999896,"failureMessages":[],"meta":{},"tags":[]},{"ancestorTitles":["ServiceAreaService"],"fullName":"ServiceAreaService publishes and retires stop policies without losing service-area coverage","status":"passed","title":"publishes and retires stop policies without losing service-area coverage","duration":2.0941300000001775,"failureMessages":[],"meta":{},"tags":[]},{"ancestorTitles":["ServiceAreaService"],"fullName":"ServiceAreaService rejects self-intersecting service-area geometry before persistence","status":"passed","title":"rejects self-intersecting service-area geometry before persistence","duration":0.4878990000001977,"failureMessages":[],"meta":{},"tags":[]},{"ancestorTitles":["ServiceAreaService"],"fullName":"ServiceAreaService exposes admin mutation envelopes through the controller","status":"passed","title":"exposes admin mutation envelopes through the controller","duration":0.8636699999999564,"failureMessages":[],"meta":{},"tags":[]}],"startTime":1783138130478,"endTime":1783138130505.8638,"status":"passed","message":"","name":"/home/edna/workspace/drts-fleet-platform/.artifacts/worktrees/auto/codex-map-qa-002/apps/api/tests/unit/service-area.service.test.ts"}]}
