{"numTotalTestSuites":2,"numPassedTestSuites":2,"numFailedTestSuites":0,"numPendingTestSuites":0,"numTotalTests":2,"numPassedTests":2,"numFailedTests":0,"numPendingTests":0,"numTodoTests":0,"snapshot":{"added":0,"failure":false,"filesAdded":0,"filesRemoved":0,"filesRemovedList":[],"filesUnmatched":0,"filesUpdated":0,"matched":0,"total":0,"unchecked":0,"uncheckedKeysByFile":[],"unmatched":0,"updated":0,"didUpdate":false},"startTime":1783737657270,"success":true,"testResults":[{"assertionResults":[{"ancestorTitles":["map booking helpers"],"fullName":"map booking helpers builds a fallback review signal only for provider-outage manual review","status":"passed","title":"builds a fallback review signal only for provider-outage manual review","duration":3.641603000000032,"failureMessages":[],"meta":{},"tags":[]},{"ancestorTitles":["map booking helpers"],"fullName":"map booking helpers maps backend manual-review and service-area errors to friendly copy","status":"passed","title":"maps backend manual-review and service-area errors to friendly copy","duration":0.6854329999999891,"failureMessages":[],"meta":{},"tags":[]}],"startTime":1783737657590,"endTime":1783737657594.6855,"status":"passed","message":"","name":"/home/edna/workspace/drts-fleet-platform/.artifacts/worktrees/auto/codex-fleets-closeout-002/apps/concierge-portal-web/tests/unit/map-booking.test.ts"}]}