{"numTotalTestSuites":1,"numPassedTestSuites":1,"numFailedTestSuites":0,"numPendingTestSuites":0,"numTotalTests":1,"numPassedTests":1,"numFailedTests":0,"numPendingTests":0,"numTodoTests":0,"snapshot":{"added":0,"failure":false,"filesAdded":0,"filesRemoved":0,"filesRemovedList":[],"filesUnmatched":0,"filesUpdated":0,"matched":0,"total":0,"unchecked":0,"uncheckedKeysByFile":[],"unmatched":0,"updated":0,"didUpdate":false},"startTime":1783737643505,"success":true,"testResults":[{"assertionResults":[{"ancestorTitles":[],"fullName":"writes cross-surface persisted anti-bypass proof for fleets closeout","status":"passed","title":"writes cross-surface persisted anti-bypass proof for fleets closeout","duration":31.73930600000017,"failureMessages":[],"meta":{},"tags":[]}],"startTime":1783737645257,"endTime":1783737645288.7393,"status":"passed","message":"","name":"/home/edna/workspace/drts-fleet-platform/.artifacts/worktrees/auto/codex-fleets-closeout-002/apps/api/tests/unit/map-fleets-cross-surface-proof.test.ts"}]}