{"numTotalTestSuites":2,"numPassedTestSuites":2,"numFailedTestSuites":0,"numPendingTestSuites":0,"numTotalTests":3,"numPassedTests":3,"numFailedTests":0,"numPendingTests":0,"numTodoTests":0,"snapshot":{"added":0,"failure":false,"filesAdded":0,"filesRemoved":0,"filesRemovedList":[],"filesUnmatched":0,"filesUpdated":0,"matched":0,"total":0,"unchecked":0,"uncheckedKeysByFile":[],"unmatched":0,"updated":0,"didUpdate":false},"startTime":1783737643593,"success":true,"testResults":[{"assertionResults":[{"ancestorTitles":["tenant console geo map provider"],"fullName":"tenant console geo map provider rethrows backend outages as provider-unavailable picker errors","status":"passed","title":"rethrows backend outages as provider-unavailable picker errors","duration":40.73217299999999,"failureMessages":[],"meta":{},"tags":[]},{"ancestorTitles":["tenant console geo map provider"],"fullName":"tenant console geo map provider keeps healthy responses available to the picker","status":"passed","title":"keeps healthy responses available to the picker","duration":2.016187999999943,"failureMessages":[],"meta":{},"tags":[]},{"ancestorTitles":["tenant console geo map provider"],"fullName":"tenant console geo map provider normalizes transport failures into picker outages","status":"passed","title":"normalizes transport failures into picker outages","duration":1.266085999999973,"failureMessages":[],"meta":{},"tags":[]}],"startTime":1783737644361,"endTime":1783737644405.266,"status":"passed","message":"","name":"/home/edna/workspace/drts-fleet-platform/.artifacts/worktrees/auto/codex-fleets-closeout-002/apps/tenant-console-web/tests/unit/geo-map-provider.test.ts"}]}