{"numTotalTestSuites":1,"numPassedTestSuites":1,"numFailedTestSuites":0,"numPendingTestSuites":0,"numTotalTests":1,"numPassedTests":1,"numFailedTests":0,"numPendingTests":0,"numTodoTests":0,"snapshot":{"added":0,"failure":false,"filesAdded":0,"filesRemoved":0,"filesRemovedList":[],"filesUnmatched":0,"filesUpdated":0,"matched":0,"total":0,"unchecked":0,"uncheckedKeysByFile":[],"unmatched":0,"updated":0,"didUpdate":false},"startTime":1783484009449,"success":true,"testResults":[{"assertionResults":[{"ancestorTitles":[],"fullName":"writes persisted spatial closeout proof for the fleets closeout task","status":"passed","title":"writes persisted spatial closeout proof for the fleets closeout task","duration":42.126170999999886,"failureMessages":[],"meta":{},"tags":[]}],"startTime":1783484012113,"endTime":1783484012155.1262,"status":"passed","message":"","name":"/home/edna/workspace/drts-fleet-platform/.artifacts/worktrees/auto/codex-fleets-closeout-001/apps/api/tests/unit/map-fleets-closeout-proof.test.ts"}]}